
Showing logs for build [32mcb-kubecd-environment-pr-487-2-sq69x-1[0m stage [32mfrom-build-pack[0m and container [32mstep-credential-initializer-kng8x[0m
{"level":"warn","ts":1586430914.3309312,"logger":"fallback-logger","caller":"logging/config.go:69","msg":"Fetch GitHub commit ID from kodata failed: \"ref: refs/heads/0.8.0-**-support-backwards-incompats\" is not a valid GitHub commit ID"}
{"level":"info","ts":1586430914.3318107,"logger":"fallback-logger","caller":"creds-init/main.go:40","msg":"Credentials initialized."}

Showing logs for build [32mcb-kubecd-environment-pr-487-2-sq69x-1[0m stage [32mfrom-build-pack[0m and container [32mstep-working-dir-initializer-6p5h5[0m
{"level":"warn","ts":1586430915.212031,"logger":"fallback-logger","caller":"logging/config.go:69","msg":"Fetch GitHub commit ID from kodata failed: open /var/run/ko/HEAD: no such file or directory"}
{"level":"info","ts":1586430915.222137,"logger":"fallback-logger","caller":"bash/main.go:64","msg":"Successfully executed command \"sh -c mkdir -p /workspace/source\"; output "}

Showing logs for build [32mcb-kubecd-environment-pr-487-2-sq69x-1[0m stage [32mfrom-build-pack[0m and container [32mstep-place-tools[0m

Showing logs for build [32mcb-kubecd-environment-pr-487-2-sq69x-1[0m stage [32mfrom-build-pack[0m and container [32mstep-git-source-cb-kubecd-environment-pr-487-2-sq69x-8ftxk[0m
{"level":"warn","ts":1586430919.3128746,"logger":"fallback-logger","caller":"logging/config.go:69","msg":"Fetch GitHub commit ID from kodata failed: \"ref: refs/heads/0.8.0-**-support-backwards-incompats\" is not a valid GitHub commit ID"}
{"level":"info","ts":1586430920.3173327,"logger":"fallback-logger","caller":"git/git.go:103","msg":"Successfully cloned https://github.com/cb-kubecd/environment-pr-487-2-bdd-frontend-staging.git @ master in path /workspace/source"}

Showing logs for build [32mcb-kubecd-environment-pr-487-2-sq69x-1[0m stage [32mfrom-build-pack[0m and container [32mstep-git-merge[0m
Using SHAs from PULL_REFS=master:8cfb988b6d8e219cdb46e3ac9ce767efe974ef8b,1:d1afdc7ffc521f55da930f59b2f2c7652365809a
DEBUG: LC_ALL=C JX_LOG_LEVEL=error git fetch origin --unshallow d1afdc7ffc521f55da930f59b2f2c7652365809a: 8cfb988b6d8e219cdb46e3ac9ce767efe974ef8b:
DEBUG: ran git fetch --unshallow origin d1afdc7ffc521f55da930f59b2f2c7652365809a: 8cfb988b6d8e219cdb46e3ac9ce767efe974ef8b: in 
DEBUG: JX_LOG_LEVEL=error LC_ALL=C git branch
DEBUG: LC_ALL=C JX_LOG_LEVEL=error git checkout master
DEBUG: ran git checkout master in 
DEBUG: LC_ALL=C JX_LOG_LEVEL=error git reset --hard 8cfb988b6d8e219cdb46e3ac9ce767efe974ef8b
DEBUG: ran git reset --hard 8cfb988b6d8e219cdb46e3ac9ce767efe974ef8b in 
DEBUG: LC_ALL=C JX_LOG_LEVEL=error git clean -fd .
DEBUG: ran clean --force -d . in 
DEBUG: LC_ALL=C JX_LOG_LEVEL=error git merge d1afdc7ffc521f55da930f59b2f2c7652365809a
DEBUG: ran git merge d1afdc7ffc521f55da930f59b2f2c7652365809a in 
DEBUG: LC_ALL=C JX_LOG_LEVEL=error git log --format=%H%x1f%an%x1f%ae%x1f%cn%x1f%ce%x1f%s%n%b%x1e 8cfb988b6d8e219cdb46e3ac9ce767efe974ef8b..HEAD
Merged SHA d1afdc7ffc521f55da930f59b2f2c7652365809a with commit message 'chore: Promote bdd-nh-1586429926 to version 0.0.1' into base branch master

Showing logs for build [32mcb-kubecd-environment-pr-487-2-sq69x-1[0m stage [32mfrom-build-pack[0m and container [32mstep-build-helm-build[0m
WARNING: No $CHART_REPOSITORY defined so using the default value of: http://jenkins-x-chartmuseum:8080
Adding missing Helm repo: storage.googleapis.com https://storage.googleapis.com/chartmuseum.jenkins-x.io
WARNING: No secrets found on "helm/repos" due: reading the secret "helm/repos" from vault: no secret "helm/repos" not found in vault
Read credentials for https://storage.googleapis.com/chartmuseum.jenkins-x.io from vault helm/repos
Successfully added Helm repository storage.googleapis.com.
Adding missing Helm repo: jenkins-x-chartmuseum http://jenkins-x-chartmuseum:8080
WARNING: No secrets found on "helm/repos" due: reading the secret "helm/repos" from vault: no secret "helm/repos" not found in vault
Read credentials for http://jenkins-x-chartmuseum:8080 from vault helm/repos
Successfully added Helm repository jenkins-x-chartmuseum.
WARNING: No $CHART_REPOSITORY defined so using the default value of: http://jenkins-x-chartmuseum:8080
Adding missing Helm repo: chartmuseum.jenkins-x.io http://chartmuseum.jenkins-x.io
WARNING: No secrets found on "helm/repos" due: reading the secret "helm/repos" from vault: no secret "helm/repos" not found in vault
Read credentials for http://chartmuseum.jenkins-x.io from vault helm/repos
Successfully added Helm repository chartmuseum.jenkins-x.io.
